19 Feb 2024 - 16:09:30.429 INFO  c.example.YouTube.YouTubeApplication - Starting YouTubeApplication using Java 20.0.2.1 with PID 15612 (D:\Asosiy modul(JAVA)\Youtobe\YouTube\target\classes started by user in D:\Asosiy modul(JAVA)\Youtobe\YouTube)
19 Feb 2024 - 16:09:30.438 INFO  c.example.YouTube.YouTubeApplication - No active profile set, falling back to 1 default profile: "default"
19 Feb 2024 - 16:09:30.988 INFO  o.s.d.r.c.RepositoryConfigurationDelegate - Bootstrapping Spring Data JPA repositories in DEFAULT mode.
19 Feb 2024 - 16:09:31.000 INFO  o.s.d.r.c.RepositoryConfigurationDelegate - Finished Spring Data repository scanning in 8 ms. Found 0 JPA repository interfaces.
19 Feb 2024 - 16:09:31.389 INFO  o.s.b.w.e.tomcat.TomcatWebServer - Tomcat initialized with port 8080 (http)
19 Feb 2024 - 16:09:31.425 INFO  o.a.catalina.core.StandardService - Starting service [Tomcat]
19 Feb 2024 - 16:09:31.425 INFO  o.a.catalina.core.StandardEngine - Starting Servlet engine: [Apache Tomcat/10.1.18]
19 Feb 2024 - 16:09:31.469 INFO  o.a.c.c.C.[Tomcat].[localhost].[/] - Initializing Spring embedded WebApplicationContext
19 Feb 2024 - 16:09:31.469 INFO  o.s.b.w.s.c.ServletWebServerApplicationContext - Root WebApplicationContext: initialization completed in 998 ms
19 Feb 2024 - 16:09:31.568 INFO  o.h.jpa.internal.util.LogHelper - HHH000204: Processing PersistenceUnitInfo [name: default]
19 Feb 2024 - 16:09:31.603 INFO  org.hibernate.Version - HHH000412: Hibernate ORM core version 6.4.1.Final
19 Feb 2024 - 16:09:31.627 INFO  o.h.c.i.RegionFactoryInitiator - HHH000026: Second-level cache disabled
19 Feb 2024 - 16:09:31.799 INFO  o.s.o.j.p.SpringPersistenceUnitInfo - No LoadTimeWeaver setup: ignoring JPA class transformer
19 Feb 2024 - 16:09:31.820 INFO  com.zaxxer.hikari.HikariDataSource - HikariPool-1 - Starting...
19 Feb 2024 - 16:09:31.950 INFO  com.zaxxer.hikari.pool.HikariPool - HikariPool-1 - Added connection org.postgresql.jdbc.PgConnection@631bc9f4
19 Feb 2024 - 16:09:31.952 INFO  com.zaxxer.hikari.HikariDataSource - HikariPool-1 - Start completed.
19 Feb 2024 - 16:09:32.245 INFO  o.h.e.t.j.p.i.JtaPlatformInitiator - HHH000489: No JTA platform available (set 'hibernate.transaction.jta.platform' to enable JTA platform integration)
19 Feb 2024 - 16:09:32.250 INFO  o.s.o.j.LocalContainerEntityManagerFactoryBean - Initialized JPA EntityManagerFactory for persistence unit 'default'
19 Feb 2024 - 16:09:32.382 WARN  o.s.b.a.o.j.JpaBaseConfiguration$JpaWebConfiguration - spring.jpa.open-in-view is enabled by default. Therefore, database queries may be performed during view rendering. Explicitly configure spring.jpa.open-in-view to disable this warning
19 Feb 2024 - 16:09:32.860 WARN  o.s.b.a.s.s.UserDetailsServiceAutoConfiguration - 

Using generated security password: c036b764-516f-46a2-9873-878450cb037a

This generated password is for development use only. Your security configuration must be updated before running your application in production.

19 Feb 2024 - 16:09:32.929 INFO  o.s.s.web.DefaultSecurityFilterChain - Will secure any request with [org.springframework.security.web.session.DisableEncodeUrlFilter@1add3e03, org.springframework.security.web.context.request.async.WebAsyncManagerIntegrationFilter@d28a235, org.springframework.security.web.context.SecurityContextHolderFilter@17e8c38c, org.springframework.security.web.header.HeaderWriterFilter@35efd12c, org.springframework.web.filter.CorsFilter@43e30f15, org.springframework.security.web.csrf.CsrfFilter@177302d6, org.springframework.security.web.authentication.logout.LogoutFilter@4b9dc62f, org.springframework.security.web.authentication.UsernamePasswordAuthenticationFilter@340c7479, org.springframework.security.web.authentication.ui.DefaultLoginPageGeneratingFilter@556843a5, org.springframework.security.web.authentication.ui.DefaultLogoutPageGeneratingFilter@4fc2933e, org.springframework.security.web.authentication.www.BasicAuthenticationFilter@848d9bc, org.springframework.security.web.savedrequest.RequestCacheAwareFilter@17ea3bc0, org.springframework.security.web.servletapi.SecurityContextHolderAwareRequestFilter@4d93e5bf, org.springframework.security.web.authentication.AnonymousAuthenticationFilter@3c9c91e3, org.springframework.security.web.access.ExceptionTranslationFilter@7a92827f, org.springframework.security.web.access.intercept.AuthorizationFilter@79e9c14]
19 Feb 2024 - 16:09:32.975 INFO  o.s.b.w.e.tomcat.TomcatWebServer - Tomcat started on port 8080 (http) with context path ''
19 Feb 2024 - 16:09:32.982 INFO  c.example.YouTube.YouTubeApplication - Started YouTubeApplication in 2.849 seconds (process running for 3.283)
19 Feb 2024 - 16:09:50.041 INFO  o.s.o.j.LocalContainerEntityManagerFactoryBean - Closing JPA EntityManagerFactory for persistence unit 'default'
19 Feb 2024 - 16:09:50.042 INFO  com.zaxxer.hikari.HikariDataSource - HikariPool-1 - Shutdown initiated...
19 Feb 2024 - 16:09:50.045 INFO  com.zaxxer.hikari.HikariDataSource - HikariPool-1 - Shutdown completed.
19 Feb 2024 - 16:09:52.694 INFO  c.example.YouTube.YouTubeApplication - Starting YouTubeApplication using Java 20.0.2.1 with PID 17240 (D:\Asosiy modul(JAVA)\Youtobe\YouTube\target\classes started by user in D:\Asosiy modul(JAVA)\Youtobe\YouTube)
19 Feb 2024 - 16:09:52.706 INFO  c.example.YouTube.YouTubeApplication - No active profile set, falling back to 1 default profile: "default"
19 Feb 2024 - 16:09:53.290 INFO  o.s.d.r.c.RepositoryConfigurationDelegate - Bootstrapping Spring Data JPA repositories in DEFAULT mode.
19 Feb 2024 - 16:09:53.302 INFO  o.s.d.r.c.RepositoryConfigurationDelegate - Finished Spring Data repository scanning in 7 ms. Found 0 JPA repository interfaces.
19 Feb 2024 - 16:09:53.699 INFO  o.s.b.w.e.tomcat.TomcatWebServer - Tomcat initialized with port 8080 (http)
19 Feb 2024 - 16:09:53.706 INFO  o.a.catalina.core.StandardService - Starting service [Tomcat]
19 Feb 2024 - 16:09:53.707 INFO  o.a.catalina.core.StandardEngine - Starting Servlet engine: [Apache Tomcat/10.1.18]
19 Feb 2024 - 16:09:53.743 INFO  o.a.c.c.C.[Tomcat].[localhost].[/] - Initializing Spring embedded WebApplicationContext
19 Feb 2024 - 16:09:53.743 INFO  o.s.b.w.s.c.ServletWebServerApplicationContext - Root WebApplicationContext: initialization completed in 1003 ms
19 Feb 2024 - 16:09:53.840 INFO  o.h.jpa.internal.util.LogHelper - HHH000204: Processing PersistenceUnitInfo [name: default]
19 Feb 2024 - 16:09:53.872 INFO  org.hibernate.Version - HHH000412: Hibernate ORM core version 6.4.1.Final
19 Feb 2024 - 16:09:53.894 INFO  o.h.c.i.RegionFactoryInitiator - HHH000026: Second-level cache disabled
19 Feb 2024 - 16:09:54.055 INFO  o.s.o.j.p.SpringPersistenceUnitInfo - No LoadTimeWeaver setup: ignoring JPA class transformer
19 Feb 2024 - 16:09:54.072 INFO  com.zaxxer.hikari.HikariDataSource - HikariPool-1 - Starting...
19 Feb 2024 - 16:09:54.190 INFO  com.zaxxer.hikari.pool.HikariPool - HikariPool-1 - Added connection org.postgresql.jdbc.PgConnection@10b67f54
19 Feb 2024 - 16:09:54.191 INFO  com.zaxxer.hikari.HikariDataSource - HikariPool-1 - Start completed.
19 Feb 2024 - 16:09:54.458 INFO  o.h.e.t.j.p.i.JtaPlatformInitiator - HHH000489: No JTA platform available (set 'hibernate.transaction.jta.platform' to enable JTA platform integration)
19 Feb 2024 - 16:09:54.463 INFO  o.s.o.j.LocalContainerEntityManagerFactoryBean - Initialized JPA EntityManagerFactory for persistence unit 'default'
19 Feb 2024 - 16:09:54.566 WARN  o.s.b.a.o.j.JpaBaseConfiguration$JpaWebConfiguration - spring.jpa.open-in-view is enabled by default. Therefore, database queries may be performed during view rendering. Explicitly configure spring.jpa.open-in-view to disable this warning
19 Feb 2024 - 16:09:54.951 WARN  o.s.b.a.s.s.UserDetailsServiceAutoConfiguration - 

Using generated security password: 7a237823-ffc0-4b7b-8065-64612e2b47cd

This generated password is for development use only. Your security configuration must be updated before running your application in production.

19 Feb 2024 - 16:09:55.014 INFO  o.s.s.web.DefaultSecurityFilterChain - Will secure any request with [org.springframework.security.web.session.DisableEncodeUrlFilter@6ab826bb, org.springframework.security.web.context.request.async.WebAsyncManagerIntegrationFilter@219db855, org.springframework.security.web.context.SecurityContextHolderFilter@575e862c, org.springframework.security.web.header.HeaderWriterFilter@21bd6fd1, org.springframework.web.filter.CorsFilter@3702d0ed, org.springframework.security.web.csrf.CsrfFilter@58647985, org.springframework.security.web.authentication.logout.LogoutFilter@bd09a26, org.springframework.security.web.authentication.UsernamePasswordAuthenticationFilter@52d181ed, org.springframework.security.web.authentication.ui.DefaultLoginPageGeneratingFilter@448a6d00, org.springframework.security.web.authentication.ui.DefaultLogoutPageGeneratingFilter@5b7b0ada, org.springframework.security.web.authentication.www.BasicAuthenticationFilter@6a2057e, org.springframework.security.web.savedrequest.RequestCacheAwareFilter@6e5af973, org.springframework.security.web.servletapi.SecurityContextHolderAwareRequestFilter@39a2e77d, org.springframework.security.web.authentication.AnonymousAuthenticationFilter@705d72f0, org.springframework.security.web.access.ExceptionTranslationFilter@6c2be147, org.springframework.security.web.access.intercept.AuthorizationFilter@563392e5]
19 Feb 2024 - 16:09:55.057 INFO  o.s.b.w.e.tomcat.TomcatWebServer - Tomcat started on port 8080 (http) with context path ''
19 Feb 2024 - 16:09:55.066 INFO  c.example.YouTube.YouTubeApplication - Started YouTubeApplication in 2.659 seconds (process running for 3.063)
19 Feb 2024 - 16:10:28.318 INFO  o.s.o.j.LocalContainerEntityManagerFactoryBean - Closing JPA EntityManagerFactory for persistence unit 'default'
19 Feb 2024 - 16:10:28.321 INFO  com.zaxxer.hikari.HikariDataSource - HikariPool-1 - Shutdown initiated...
19 Feb 2024 - 16:10:28.324 INFO  com.zaxxer.hikari.HikariDataSource - HikariPool-1 - Shutdown completed.
19 Feb 2024 - 17:16:40.254 INFO  c.example.YouTube.YouTubeApplication - Starting YouTubeApplication using Java 20.0.2.1 with PID 15436 (D:\Asosiy modul(JAVA)\Youtube\YouTube\target\classes started by user in D:\Asosiy modul(JAVA)\Youtube\YouTube)
19 Feb 2024 - 17:16:40.264 INFO  c.example.YouTube.YouTubeApplication - No active profile set, falling back to 1 default profile: "default"
19 Feb 2024 - 17:16:40.896 INFO  o.s.d.r.c.RepositoryConfigurationDelegate - Bootstrapping Spring Data JPA repositories in DEFAULT mode.
19 Feb 2024 - 17:16:40.926 INFO  o.s.d.r.c.RepositoryConfigurationDelegate - Finished Spring Data repository scanning in 27 ms. Found 1 JPA repository interface.
19 Feb 2024 - 17:16:41.264 INFO  o.s.b.w.e.tomcat.TomcatWebServer - Tomcat initialized with port 8080 (http)
19 Feb 2024 - 17:16:41.276 INFO  o.a.catalina.core.StandardService - Starting service [Tomcat]
19 Feb 2024 - 17:16:41.276 INFO  o.a.catalina.core.StandardEngine - Starting Servlet engine: [Apache Tomcat/10.1.18]
19 Feb 2024 - 17:16:41.308 INFO  o.a.c.c.C.[Tomcat].[localhost].[/] - Initializing Spring embedded WebApplicationContext
19 Feb 2024 - 17:16:41.309 INFO  o.s.b.w.s.c.ServletWebServerApplicationContext - Root WebApplicationContext: initialization completed in 1019 ms
19 Feb 2024 - 17:16:41.383 INFO  o.h.jpa.internal.util.LogHelper - HHH000204: Processing PersistenceUnitInfo [name: default]
19 Feb 2024 - 17:16:41.414 INFO  org.hibernate.Version - HHH000412: Hibernate ORM core version 6.4.1.Final
19 Feb 2024 - 17:16:41.433 INFO  o.h.c.i.RegionFactoryInitiator - HHH000026: Second-level cache disabled
19 Feb 2024 - 17:16:41.582 INFO  o.s.o.j.p.SpringPersistenceUnitInfo - No LoadTimeWeaver setup: ignoring JPA class transformer
19 Feb 2024 - 17:16:41.598 INFO  com.zaxxer.hikari.HikariDataSource - HikariPool-1 - Starting...
19 Feb 2024 - 17:16:41.697 INFO  com.zaxxer.hikari.pool.HikariPool - HikariPool-1 - Added connection org.postgresql.jdbc.PgConnection@6ba0ee4a
19 Feb 2024 - 17:16:41.698 INFO  com.zaxxer.hikari.HikariDataSource - HikariPool-1 - Start completed.
19 Feb 2024 - 17:16:42.317 INFO  o.h.e.t.j.p.i.JtaPlatformInitiator - HHH000489: No JTA platform available (set 'hibernate.transaction.jta.platform' to enable JTA platform integration)
19 Feb 2024 - 17:16:42.354 WARN  o.h.t.s.i.ExceptionHandlerLoggedImpl - GenerationTarget encountered exception accepting command : Error executing DDL "create table profile (id serial not null, created_date timestamp(6), updated_date timestamp(6), visible boolean, email varchar(255), name varchar(255) not null, password varchar(255) not null, phone_number varchar(255), role varchar(255) check (role in ()), status varchar(255) check (status in ('ACTIVE','NOT_ACTIVE','REGISTRATION')), surname varchar(255) not null, primary key (id))" via JDBC [ОШИБКА: ошибка синтаксиса (примерное положение: ")")
  Position: 255]
org.hibernate.tool.schema.spi.CommandAcceptanceException: Error executing DDL "create table profile (id serial not null, created_date timestamp(6), updated_date timestamp(6), visible boolean, email varchar(255), name varchar(255) not null, password varchar(255) not null, phone_number varchar(255), role varchar(255) check (role in ()), status varchar(255) check (status in ('ACTIVE','NOT_ACTIVE','REGISTRATION')), surname varchar(255) not null, primary key (id))" via JDBC [ОШИБКА: ошибка синтаксиса (примерное положение: ")")
  Position: 255]
	at org.hibernate.tool.schema.internal.exec.GenerationTargetToDatabase.accept(GenerationTargetToDatabase.java:94)
	at org.hibernate.tool.schema.internal.AbstractSchemaMigrator.applySqlString(AbstractSchemaMigrator.java:574)
	at org.hibernate.tool.schema.internal.AbstractSchemaMigrator.applySqlStrings(AbstractSchemaMigrator.java:514)
	at org.hibernate.tool.schema.internal.AbstractSchemaMigrator.createTable(AbstractSchemaMigrator.java:315)
	at org.hibernate.tool.schema.internal.GroupedSchemaMigratorImpl.performTablesMigration(GroupedSchemaMigratorImpl.java:80)
	at org.hibernate.tool.schema.internal.AbstractSchemaMigrator.performMigration(AbstractSchemaMigrator.java:232)
	at org.hibernate.tool.schema.internal.AbstractSchemaMigrator.doMigration(AbstractSchemaMigrator.java:117)
	at org.hibernate.tool.schema.spi.SchemaManagementToolCoordinator.performDatabaseAction(SchemaManagementToolCoordinator.java:286)
	at org.hibernate.tool.schema.spi.SchemaManagementToolCoordinator.lambda$process$5(SchemaManagementToolCoordinator.java:145)
	at java.base/java.util.HashMap.forEach(HashMap.java:1429)
	at org.hibernate.tool.schema.spi.SchemaManagementToolCoordinator.process(SchemaManagementToolCoordinator.java:142)
	at org.hibernate.boot.internal.SessionFactoryObserverForSchemaExport.sessionFactoryCreated(SessionFactoryObserverForSchemaExport.java:37)
	at org.hibernate.internal.SessionFactoryObserverChain.sessionFactoryCreated(SessionFactoryObserverChain.java:35)
	at org.hibernate.internal.SessionFactoryImpl.<init>(SessionFactoryImpl.java:315)
	at org.hibernate.boot.internal.SessionFactoryBuilderImpl.build(SessionFactoryBuilderImpl.java:450)
	at org.hibernate.jpa.boot.internal.EntityManagerFactoryBuilderImpl.build(EntityManagerFactoryBuilderImpl.java:1507)
	at org.springframework.orm.jpa.vendor.SpringHibernateJpaPersistenceProvider.createContainerEntityManagerFactory(SpringHibernateJpaPersistenceProvider.java:75)
	at org.springframework.orm.jpa.LocalContainerEntityManagerFactoryBean.createNativeEntityManagerFactory(LocalContainerEntityManagerFactoryBean.java:376)
	at org.springframework.orm.jpa.AbstractEntityManagerFactoryBean.buildNativeEntityManagerFactory(AbstractEntityManagerFactoryBean.java:409)
	at org.springframework.orm.jpa.AbstractEntityManagerFactoryBean.afterPropertiesSet(AbstractEntityManagerFactoryBean.java:396)
	at org.springframework.orm.jpa.LocalContainerEntityManagerFactoryBean.afterPropertiesSet(LocalContainerEntityManagerFactoryBean.java:352)
	at org.springframework.beans.factory.support.AbstractAutowireCapableBeanFactory.invokeInitMethods(AbstractAutowireCapableBeanFactory.java:1820)
	at org.springframework.beans.factory.support.AbstractAutowireCapableBeanFactory.initializeBean(AbstractAutowireCapableBeanFactory.java:1769)
	at org.springframework.beans.factory.support.AbstractAutowireCapableBeanFactory.doCreateBean(AbstractAutowireCapableBeanFactory.java:599)
	at org.springframework.beans.factory.support.AbstractAutowireCapableBeanFactory.createBean(AbstractAutowireCapableBeanFactory.java:521)
	at org.springframework.beans.factory.support.AbstractBeanFactory.lambda$doGetBean$0(AbstractBeanFactory.java:325)
	at org.springframework.beans.factory.support.DefaultSingletonBeanRegistry.getSingleton(DefaultSingletonBeanRegistry.java:234)
	at org.springframework.beans.factory.support.AbstractBeanFactory.doGetBean(AbstractBeanFactory.java:323)
	at org.springframework.beans.factory.support.AbstractBeanFactory.getBean(AbstractBeanFactory.java:199)
	at org.springframework.beans.factory.support.BeanDefinitionValueResolver.resolveReference(BeanDefinitionValueResolver.java:365)
	at org.springframework.beans.factory.support.BeanDefinitionValueResolver.resolveValueIfNecessary(BeanDefinitionValueResolver.java:135)
	at org.springframework.beans.factory.support.ConstructorResolver.resolveConstructorArguments(ConstructorResolver.java:685)
	at org.springframework.beans.factory.support.ConstructorResolver.instantiateUsingFactoryMethod(ConstructorResolver.java:509)
	at org.springframework.beans.factory.support.AbstractAutowireCapableBeanFactory.instantiateUsingFactoryMethod(AbstractAutowireCapableBeanFactory.java:1334)
	at org.springframework.beans.factory.support.AbstractAutowireCapableBeanFactory.createBeanInstance(AbstractAutowireCapableBeanFactory.java:1164)
	at org.springframework.beans.factory.support.AbstractAutowireCapableBeanFactory.doCreateBean(AbstractAutowireCapableBeanFactory.java:561)
	at org.springframework.beans.factory.support.AbstractAutowireCapableBeanFactory.createBean(AbstractAutowireCapableBeanFactory.java:521)
	at org.springframework.beans.factory.support.AbstractBeanFactory.lambda$doGetBean$0(AbstractBeanFactory.java:325)
	at org.springframework.beans.factory.support.DefaultSingletonBeanRegistry.getSingleton(DefaultSingletonBeanRegistry.java:234)
	at org.springframework.beans.factory.support.AbstractBeanFactory.doGetBean(AbstractBeanFactory.java:323)
	at org.springframework.beans.factory.support.AbstractBeanFactory.getBean(AbstractBeanFactory.java:199)
	at org.springframework.beans.factory.support.BeanDefinitionValueResolver.resolveReference(BeanDefinitionValueResolver.java:365)
	at org.springframework.beans.factory.support.BeanDefinitionValueResolver.resolveValueIfNecessary(BeanDefinitionValueResolver.java:135)
	at org.springframework.beans.factory.support.AbstractAutowireCapableBeanFactory.applyPropertyValues(AbstractAutowireCapableBeanFactory.java:1684)
	at org.springframework.beans.factory.support.AbstractAutowireCapableBeanFactory.populateBean(AbstractAutowireCapableBeanFactory.java:1433)
	at org.springframework.beans.factory.support.AbstractAutowireCapableBeanFactory.doCreateBean(AbstractAutowireCapableBeanFactory.java:598)
	at org.springframework.beans.factory.support.AbstractAutowireCapableBeanFactory.createBean(AbstractAutowireCapableBeanFactory.java:521)
	at org.springframework.beans.factory.support.AbstractBeanFactory.lambda$doGetBean$0(AbstractBeanFactory.java:325)
	at org.springframework.beans.factory.support.DefaultSingletonBeanRegistry.getSingleton(DefaultSingletonBeanRegistry.java:234)
	at org.springframework.beans.factory.support.AbstractBeanFactory.doGetBean(AbstractBeanFactory.java:323)
	at org.springframework.beans.factory.support.AbstractBeanFactory.getBean(AbstractBeanFactory.java:199)
	at org.springframework.beans.factory.config.DependencyDescriptor.resolveCandidate(DependencyDescriptor.java:254)
	at org.springframework.beans.factory.support.DefaultListableBeanFactory.doResolveDependency(DefaultListableBeanFactory.java:1443)
	at org.springframework.beans.factory.support.DefaultListableBeanFactory.resolveDependency(DefaultListableBeanFactory.java:1353)
	at org.springframework.beans.factory.annotation.AutowiredAnnotationBeanPostProcessor$AutowiredFieldElement.resolveFieldValue(AutowiredAnnotationBeanPostProcessor.java:784)
	at org.springframework.beans.factory.annotation.AutowiredAnnotationBeanPostProcessor$AutowiredFieldElement.inject(AutowiredAnnotationBeanPostProcessor.java:767)
	at org.springframework.beans.factory.annotation.InjectionMetadata.inject(InjectionMetadata.java:145)
	at org.springframework.beans.factory.annotation.AutowiredAnnotationBeanPostProcessor.postProcessProperties(AutowiredAnnotationBeanPostProcessor.java:508)
	at org.springframework.beans.factory.support.AbstractAutowireCapableBeanFactory.populateBean(AbstractAutowireCapableBeanFactory.java:1418)
	at org.springframework.beans.factory.support.AbstractAutowireCapableBeanFactory.doCreateBean(AbstractAutowireCapableBeanFactory.java:598)
	at org.springframework.beans.factory.support.AbstractAutowireCapableBeanFactory.createBean(AbstractAutowireCapableBeanFactory.java:521)
	at org.springframework.beans.factory.support.AbstractBeanFactory.lambda$doGetBean$0(AbstractBeanFactory.java:325)
	at org.springframework.beans.factory.support.DefaultSingletonBeanRegistry.getSingleton(DefaultSingletonBeanRegistry.java:234)
	at org.springframework.beans.factory.support.AbstractBeanFactory.doGetBean(AbstractBeanFactory.java:323)
	at org.springframework.beans.factory.support.AbstractBeanFactory.getBean(AbstractBeanFactory.java:199)
	at org.springframework.beans.factory.config.DependencyDescriptor.resolveCandidate(DependencyDescriptor.java:254)
	at org.springframework.beans.factory.support.DefaultListableBeanFactory.doResolveDependency(DefaultListableBeanFactory.java:1443)
	at org.springframework.beans.factory.support.DefaultListableBeanFactory.resolveDependency(DefaultListableBeanFactory.java:1353)
	at org.springframework.beans.factory.annotation.AutowiredAnnotationBeanPostProcessor$AutowiredFieldElement.resolveFieldValue(AutowiredAnnotationBeanPostProcessor.java:784)
	at org.springframework.beans.factory.annotation.AutowiredAnnotationBeanPostProcessor$AutowiredFieldElement.inject(AutowiredAnnotationBeanPostProcessor.java:767)
	at org.springframework.beans.factory.annotation.InjectionMetadata.inject(InjectionMetadata.java:145)
	at org.springframework.beans.factory.annotation.AutowiredAnnotationBeanPostProcessor.postProcessProperties(AutowiredAnnotationBeanPostProcessor.java:508)
	at org.springframework.beans.factory.support.AbstractAutowireCapableBeanFactory.populateBean(AbstractAutowireCapableBeanFactory.java:1418)
	at org.springframework.beans.factory.support.AbstractAutowireCapableBeanFactory.doCreateBean(AbstractAutowireCapableBeanFactory.java:598)
	at org.springframework.beans.factory.support.AbstractAutowireCapableBeanFactory.createBean(AbstractAutowireCapableBeanFactory.java:521)
	at org.springframework.beans.factory.support.AbstractBeanFactory.lambda$doGetBean$0(AbstractBeanFactory.java:325)
	at org.springframework.beans.factory.support.DefaultSingletonBeanRegistry.getSingleton(DefaultSingletonBeanRegistry.java:234)
	at org.springframework.beans.factory.support.AbstractBeanFactory.doGetBean(AbstractBeanFactory.java:323)
	at org.springframework.beans.factory.support.AbstractBeanFactory.getBean(AbstractBeanFactory.java:204)
	at org.springframework.boot.web.servlet.ServletContextInitializerBeans.getOrderedBeansOfType(ServletContextInitializerBeans.java:210)
	at org.springframework.boot.web.servlet.ServletContextInitializerBeans.addAsRegistrationBean(ServletContextInitializerBeans.java:173)
	at org.springframework.boot.web.servlet.ServletContextInitializerBeans.addAsRegistrationBean(ServletContextInitializerBeans.java:168)
	at org.springframework.boot.web.servlet.ServletContextInitializerBeans.addAdaptableBeans(ServletContextInitializerBeans.java:153)
	at org.springframework.boot.web.servlet.ServletContextInitializerBeans.<init>(ServletContextInitializerBeans.java:86)
	at org.springframework.boot.web.servlet.context.ServletWebServerApplicationContext.getServletContextInitializerBeans(ServletWebServerApplicationContext.java:266)
	at org.springframework.boot.web.servlet.context.ServletWebServerApplicationContext.selfInitialize(ServletWebServerApplicationContext.java:240)
	at org.springframework.boot.web.embedded.tomcat.TomcatStarter.onStartup(TomcatStarter.java:52)
	at org.apache.catalina.core.StandardContext.startInternal(StandardContext.java:4866)
	at org.apache.catalina.util.LifecycleBase.start(LifecycleBase.java:171)
	at org.apache.catalina.core.ContainerBase$StartChild.call(ContainerBase.java:1332)
	at org.apache.catalina.core.ContainerBase$StartChild.call(ContainerBase.java:1322)
	at java.base/java.util.concurrent.FutureTask.run(FutureTask.java:317)
	at org.apache.tomcat.util.threads.InlineExecutorService.execute(InlineExecutorService.java:75)
	at java.base/java.util.concurrent.AbstractExecutorService.submit(AbstractExecutorService.java:145)
	at org.apache.catalina.core.ContainerBase.startInternal(ContainerBase.java:866)
	at org.apache.catalina.core.StandardHost.startInternal(StandardHost.java:845)
	at org.apache.catalina.util.LifecycleBase.start(LifecycleBase.java:171)
	at org.apache.catalina.core.ContainerBase$StartChild.call(ContainerBase.java:1332)
	at org.apache.catalina.core.ContainerBase$StartChild.call(ContainerBase.java:1322)
	at java.base/java.util.concurrent.FutureTask.run(FutureTask.java:317)
	at org.apache.tomcat.util.threads.InlineExecutorService.execute(InlineExecutorService.java:75)
	at java.base/java.util.concurrent.AbstractExecutorService.submit(AbstractExecutorService.java:145)
	at org.apache.catalina.core.ContainerBase.startInternal(ContainerBase.java:866)
	at org.apache.catalina.core.StandardEngine.startInternal(StandardEngine.java:240)
	at org.apache.catalina.util.LifecycleBase.start(LifecycleBase.java:171)
	at org.apache.catalina.core.StandardService.startInternal(StandardService.java:433)
	at org.apache.catalina.util.LifecycleBase.start(LifecycleBase.java:171)
	at org.apache.catalina.core.StandardServer.startInternal(StandardServer.java:917)
	at org.apache.catalina.util.LifecycleBase.start(LifecycleBase.java:171)
	at org.apache.catalina.startup.Tomcat.start(Tomcat.java:488)
	at org.springframework.boot.web.embedded.tomcat.TomcatWebServer.initialize(TomcatWebServer.java:126)
	at org.springframework.boot.web.embedded.tomcat.TomcatWebServer.<init>(TomcatWebServer.java:105)
	at org.springframework.boot.web.embedded.tomcat.TomcatServletWebServerFactory.getTomcatWebServer(TomcatServletWebServerFactory.java:499)
	at org.springframework.boot.web.embedded.tomcat.TomcatServletWebServerFactory.getWebServer(TomcatServletWebServerFactory.java:218)
	at org.springframework.boot.web.servlet.context.ServletWebServerApplicationContext.createWebServer(ServletWebServerApplicationContext.java:188)
	at org.springframework.boot.web.servlet.context.ServletWebServerApplicationContext.onRefresh(ServletWebServerApplicationContext.java:162)
	at org.springframework.context.support.AbstractApplicationContext.refresh(AbstractApplicationContext.java:618)
	at org.springframework.boot.web.servlet.context.ServletWebServerApplicationContext.refresh(ServletWebServerApplicationContext.java:146)
	at org.springframework.boot.SpringApplication.refresh(SpringApplication.java:754)
	at org.springframework.boot.SpringApplication.refreshContext(SpringApplication.java:456)
	at org.springframework.boot.SpringApplication.run(SpringApplication.java:334)
	at org.springframework.boot.SpringApplication.run(SpringApplication.java:1354)
	at org.springframework.boot.SpringApplication.run(SpringApplication.java:1343)
	at com.example.YouTube.YouTubeApplication.main(YouTubeApplication.java:10)
Caused by: org.postgresql.util.PSQLException: ОШИБКА: ошибка синтаксиса (примерное положение: ")")
  Position: 255
	at org.postgresql.core.v3.QueryExecutorImpl.receiveErrorResponse(QueryExecutorImpl.java:2713)
	at org.postgresql.core.v3.QueryExecutorImpl.processResults(QueryExecutorImpl.java:2401)
	at org.postgresql.core.v3.QueryExecutorImpl.execute(QueryExecutorImpl.java:368)
	at org.postgresql.jdbc.PgStatement.executeInternal(PgStatement.java:498)
	at org.postgresql.jdbc.PgStatement.execute(PgStatement.java:415)
	at org.postgresql.jdbc.PgStatement.executeWithFlags(PgStatement.java:335)
	at org.postgresql.jdbc.PgStatement.executeCachedSql(PgStatement.java:321)
	at org.postgresql.jdbc.PgStatement.executeWithFlags(PgStatement.java:297)
	at org.postgresql.jdbc.PgStatement.execute(PgStatement.java:292)
	at com.zaxxer.hikari.pool.ProxyStatement.execute(ProxyStatement.java:94)
	at com.zaxxer.hikari.pool.HikariProxyStatement.execute(HikariProxyStatement.java)
	at org.hibernate.tool.schema.internal.exec.GenerationTargetToDatabase.accept(GenerationTargetToDatabase.java:80)
	... 123 common frames omitted
19 Feb 2024 - 17:16:42.363 WARN  o.h.e.jdbc.spi.SqlExceptionHelper - SQL Warning Code: 0, SQLState: 00000
19 Feb 2024 - 17:16:42.363 WARN  o.h.e.jdbc.spi.SqlExceptionHelper - отношение "profile" не существует, пропускается
19 Feb 2024 - 17:16:42.364 WARN  o.h.e.jdbc.spi.SqlExceptionHelper - SQL Warning Code: 0, SQLState: 00000
19 Feb 2024 - 17:16:42.364 WARN  o.h.e.jdbc.spi.SqlExceptionHelper - отношение "profile" не существует, пропускается
19 Feb 2024 - 17:16:42.365 WARN  o.h.e.jdbc.spi.SqlExceptionHelper - SQL Warning Code: 0, SQLState: 00000
19 Feb 2024 - 17:16:42.365 WARN  o.h.e.jdbc.spi.SqlExceptionHelper - отношение "profile" не существует, пропускается
19 Feb 2024 - 17:16:42.365 WARN  o.h.e.jdbc.spi.SqlExceptionHelper - SQL Warning Code: 0, SQLState: 00000
19 Feb 2024 - 17:16:42.365 WARN  o.h.e.jdbc.spi.SqlExceptionHelper - отношение "profile" не существует, пропускается
19 Feb 2024 - 17:16:42.366 INFO  o.s.o.j.LocalContainerEntityManagerFactoryBean - Initialized JPA EntityManagerFactory for persistence unit 'default'
19 Feb 2024 - 17:16:42.734 WARN  o.s.b.a.o.j.JpaBaseConfiguration$JpaWebConfiguration - spring.jpa.open-in-view is enabled by default. Therefore, database queries may be performed during view rendering. Explicitly configure spring.jpa.open-in-view to disable this warning
19 Feb 2024 - 17:16:42.796 INFO  o.s.s.web.DefaultSecurityFilterChain - Will secure any request with [org.springframework.security.web.session.DisableEncodeUrlFilter@62f3ad90, org.springframework.security.web.context.request.async.WebAsyncManagerIntegrationFilter@18d63996, org.springframework.security.web.context.SecurityContextHolderFilter@37ad818e, org.springframework.security.web.header.HeaderWriterFilter@1dfd6023, org.springframework.security.web.authentication.logout.LogoutFilter@5006a697, com.example.YouTube.config.JWTTokenFilter@65b7678a, org.springframework.security.web.savedrequest.RequestCacheAwareFilter@3a2881d6, org.springframework.security.web.servletapi.SecurityContextHolderAwareRequestFilter@69a031a4, org.springframework.security.web.authentication.AnonymousAuthenticationFilter@6e6bd43b, org.springframework.security.web.access.ExceptionTranslationFilter@91c11b6, org.springframework.security.web.access.intercept.AuthorizationFilter@6fe33512]
19 Feb 2024 - 17:16:43.145 INFO  o.s.b.w.e.tomcat.TomcatWebServer - Tomcat started on port 8080 (http) with context path ''
19 Feb 2024 - 17:16:43.152 INFO  c.example.YouTube.YouTubeApplication - Started YouTubeApplication in 3.149 seconds (process running for 3.481)
19 Feb 2024 - 17:22:22.919 INFO  o.s.o.j.LocalContainerEntityManagerFactoryBean - Closing JPA EntityManagerFactory for persistence unit 'default'
19 Feb 2024 - 17:22:22.921 INFO  com.zaxxer.hikari.HikariDataSource - HikariPool-1 - Shutdown initiated...
19 Feb 2024 - 17:22:22.923 INFO  com.zaxxer.hikari.HikariDataSource - HikariPool-1 - Shutdown completed.
19 Feb 2024 - 17:23:51.907 INFO  c.example.YouTube.YouTubeApplication - Starting YouTubeApplication using Java 20.0.2.1 with PID 10200 (D:\Asosiy modul(JAVA)\Youtube\YouTube\target\classes started by user in D:\Asosiy modul(JAVA)\Youtube\YouTube)
19 Feb 2024 - 17:23:51.916 INFO  c.example.YouTube.YouTubeApplication - No active profile set, falling back to 1 default profile: "default"
19 Feb 2024 - 17:23:52.499 INFO  o.s.d.r.c.RepositoryConfigurationDelegate - Bootstrapping Spring Data JPA repositories in DEFAULT mode.
19 Feb 2024 - 17:23:52.531 INFO  o.s.d.r.c.RepositoryConfigurationDelegate - Finished Spring Data repository scanning in 27 ms. Found 1 JPA repository interface.
19 Feb 2024 - 17:23:52.930 INFO  o.s.b.w.e.tomcat.TomcatWebServer - Tomcat initialized with port 8080 (http)
19 Feb 2024 - 17:23:52.936 INFO  o.a.catalina.core.StandardService - Starting service [Tomcat]
19 Feb 2024 - 17:23:52.936 INFO  o.a.catalina.core.StandardEngine - Starting Servlet engine: [Apache Tomcat/10.1.18]
19 Feb 2024 - 17:23:52.974 INFO  o.a.c.c.C.[Tomcat].[localhost].[/] - Initializing Spring embedded WebApplicationContext
19 Feb 2024 - 17:23:52.974 INFO  o.s.b.w.s.c.ServletWebServerApplicationContext - Root WebApplicationContext: initialization completed in 1028 ms
19 Feb 2024 - 17:23:53.052 INFO  o.h.jpa.internal.util.LogHelper - HHH000204: Processing PersistenceUnitInfo [name: default]
19 Feb 2024 - 17:23:53.081 INFO  org.hibernate.Version - HHH000412: Hibernate ORM core version 6.4.1.Final
19 Feb 2024 - 17:23:53.099 INFO  o.h.c.i.RegionFactoryInitiator - HHH000026: Second-level cache disabled
19 Feb 2024 - 17:23:53.250 INFO  o.s.o.j.p.SpringPersistenceUnitInfo - No LoadTimeWeaver setup: ignoring JPA class transformer
19 Feb 2024 - 17:23:53.265 INFO  com.zaxxer.hikari.HikariDataSource - HikariPool-1 - Starting...
19 Feb 2024 - 17:23:53.360 INFO  com.zaxxer.hikari.pool.HikariPool - HikariPool-1 - Added connection org.postgresql.jdbc.PgConnection@7f2c995b
19 Feb 2024 - 17:23:53.361 INFO  com.zaxxer.hikari.HikariDataSource - HikariPool-1 - Start completed.
19 Feb 2024 - 17:23:53.944 INFO  o.h.e.t.j.p.i.JtaPlatformInitiator - HHH000489: No JTA platform available (set 'hibernate.transaction.jta.platform' to enable JTA platform integration)
19 Feb 2024 - 17:23:53.988 WARN  o.h.e.jdbc.spi.SqlExceptionHelper - SQL Warning Code: 0, SQLState: 00000
19 Feb 2024 - 17:23:53.988 WARN  o.h.e.jdbc.spi.SqlExceptionHelper - ограничение "uk_9d5dpsf2ufa6rjbi3y0elkdcd" в таблице "profile" не существует, пропускается
19 Feb 2024 - 17:23:53.991 WARN  o.h.e.jdbc.spi.SqlExceptionHelper - SQL Warning Code: 0, SQLState: 00000
19 Feb 2024 - 17:23:53.991 WARN  o.h.e.jdbc.spi.SqlExceptionHelper - ограничение "uk_rc7r62u5tals0tl5rkeyyo5sb" в таблице "profile" не существует, пропускается
19 Feb 2024 - 17:23:53.993 INFO  o.s.o.j.LocalContainerEntityManagerFactoryBean - Initialized JPA EntityManagerFactory for persistence unit 'default'
19 Feb 2024 - 17:23:54.332 WARN  o.s.b.a.o.j.JpaBaseConfiguration$JpaWebConfiguration - spring.jpa.open-in-view is enabled by default. Therefore, database queries may be performed during view rendering. Explicitly configure spring.jpa.open-in-view to disable this warning
19 Feb 2024 - 17:23:54.401 INFO  o.s.s.web.DefaultSecurityFilterChain - Will secure any request with [org.springframework.security.web.session.DisableEncodeUrlFilter@c2dab10, org.springframework.security.web.context.request.async.WebAsyncManagerIntegrationFilter@6c4e11d0, org.springframework.security.web.context.SecurityContextHolderFilter@5b5d6f9c, org.springframework.security.web.header.HeaderWriterFilter@6fc03cf6, org.springframework.security.web.authentication.logout.LogoutFilter@604e8a6, com.example.YouTube.config.JWTTokenFilter@4a9f0360, org.springframework.security.web.savedrequest.RequestCacheAwareFilter@b0e6d4e, org.springframework.security.web.servletapi.SecurityContextHolderAwareRequestFilter@2bf2523f, org.springframework.security.web.authentication.AnonymousAuthenticationFilter@29088d3d, org.springframework.security.web.access.ExceptionTranslationFilter@ab3b54, org.springframework.security.web.access.intercept.AuthorizationFilter@44103266]
19 Feb 2024 - 17:23:54.788 INFO  o.s.b.w.e.tomcat.TomcatWebServer - Tomcat started on port 8080 (http) with context path ''
19 Feb 2024 - 17:23:54.795 INFO  c.example.YouTube.YouTubeApplication - Started YouTubeApplication in 3.145 seconds (process running for 3.919)
19 Feb 2024 - 17:24:46.200 INFO  o.s.o.j.LocalContainerEntityManagerFactoryBean - Closing JPA EntityManagerFactory for persistence unit 'default'
19 Feb 2024 - 17:24:46.202 INFO  com.zaxxer.hikari.HikariDataSource - HikariPool-1 - Shutdown initiated...
19 Feb 2024 - 17:24:46.203 INFO  com.zaxxer.hikari.HikariDataSource - HikariPool-1 - Shutdown completed.
19 Feb 2024 - 17:30:06.102 INFO  c.example.YouTube.YouTubeApplication - Starting YouTubeApplication using Java 20.0.2.1 with PID 5920 (D:\Asosiy modul(JAVA)\Youtube\YouTube\target\classes started by user in D:\Asosiy modul(JAVA)\Youtube\YouTube)
19 Feb 2024 - 17:30:06.109 INFO  c.example.YouTube.YouTubeApplication - No active profile set, falling back to 1 default profile: "default"
19 Feb 2024 - 17:30:06.566 INFO  o.s.d.r.c.RepositoryConfigurationDelegate - Bootstrapping Spring Data JPA repositories in DEFAULT mode.
19 Feb 2024 - 17:30:06.603 INFO  o.s.d.r.c.RepositoryConfigurationDelegate - Finished Spring Data repository scanning in 32 ms. Found 1 JPA repository interface.
19 Feb 2024 - 17:30:06.962 INFO  o.s.b.w.e.tomcat.TomcatWebServer - Tomcat initialized with port 8080 (http)
19 Feb 2024 - 17:30:06.969 INFO  o.a.catalina.core.StandardService - Starting service [Tomcat]
19 Feb 2024 - 17:30:06.969 INFO  o.a.catalina.core.StandardEngine - Starting Servlet engine: [Apache Tomcat/10.1.18]
19 Feb 2024 - 17:30:07.002 INFO  o.a.c.c.C.[Tomcat].[localhost].[/] - Initializing Spring embedded WebApplicationContext
19 Feb 2024 - 17:30:07.002 INFO  o.s.b.w.s.c.ServletWebServerApplicationContext - Root WebApplicationContext: initialization completed in 867 ms
19 Feb 2024 - 17:30:07.080 INFO  o.h.jpa.internal.util.LogHelper - HHH000204: Processing PersistenceUnitInfo [name: default]
19 Feb 2024 - 17:30:07.119 INFO  org.hibernate.Version - HHH000412: Hibernate ORM core version 6.4.1.Final
19 Feb 2024 - 17:30:07.139 INFO  o.h.c.i.RegionFactoryInitiator - HHH000026: Second-level cache disabled
19 Feb 2024 - 17:30:07.303 INFO  o.s.o.j.p.SpringPersistenceUnitInfo - No LoadTimeWeaver setup: ignoring JPA class transformer
19 Feb 2024 - 17:30:07.325 INFO  com.zaxxer.hikari.HikariDataSource - HikariPool-1 - Starting...
19 Feb 2024 - 17:30:07.446 INFO  com.zaxxer.hikari.pool.HikariPool - HikariPool-1 - Added connection org.postgresql.jdbc.PgConnection@5a466dd
19 Feb 2024 - 17:30:07.447 INFO  com.zaxxer.hikari.HikariDataSource - HikariPool-1 - Start completed.
19 Feb 2024 - 17:30:08.032 INFO  o.h.e.t.j.p.i.JtaPlatformInitiator - HHH000489: No JTA platform available (set 'hibernate.transaction.jta.platform' to enable JTA platform integration)
19 Feb 2024 - 17:30:08.065 INFO  o.s.o.j.LocalContainerEntityManagerFactoryBean - Initialized JPA EntityManagerFactory for persistence unit 'default'
19 Feb 2024 - 17:30:08.357 WARN  o.s.b.a.o.j.JpaBaseConfiguration$JpaWebConfiguration - spring.jpa.open-in-view is enabled by default. Therefore, database queries may be performed during view rendering. Explicitly configure spring.jpa.open-in-view to disable this warning
19 Feb 2024 - 17:30:08.422 INFO  o.s.s.web.DefaultSecurityFilterChain - Will secure any request with [org.springframework.security.web.session.DisableEncodeUrlFilter@6c4e11d0, org.springframework.security.web.context.request.async.WebAsyncManagerIntegrationFilter@29088d3d, org.springframework.security.web.context.SecurityContextHolderFilter@3514df8d, org.springframework.security.web.header.HeaderWriterFilter@6e70861, org.springframework.security.web.authentication.logout.LogoutFilter@5bc44d78, com.example.YouTube.config.JWTTokenFilter@4a9f0360, org.springframework.security.web.savedrequest.RequestCacheAwareFilter@2bf2523f, org.springframework.security.web.servletapi.SecurityContextHolderAwareRequestFilter@1be3e952, org.springframework.security.web.authentication.AnonymousAuthenticationFilter@3284de45, org.springframework.security.web.access.ExceptionTranslationFilter@35d62807, org.springframework.security.web.access.intercept.AuthorizationFilter@439b0198]
19 Feb 2024 - 17:30:08.783 INFO  o.s.b.w.e.tomcat.TomcatWebServer - Tomcat started on port 8080 (http) with context path ''
19 Feb 2024 - 17:30:08.790 INFO  c.example.YouTube.YouTubeApplication - Started YouTubeApplication in 2.922 seconds (process running for 3.265)
19 Feb 2024 - 17:30:37.711 INFO  o.s.o.j.LocalContainerEntityManagerFactoryBean - Closing JPA EntityManagerFactory for persistence unit 'default'
19 Feb 2024 - 17:30:37.712 INFO  com.zaxxer.hikari.HikariDataSource - HikariPool-1 - Shutdown initiated...
19 Feb 2024 - 17:30:37.716 INFO  com.zaxxer.hikari.HikariDataSource - HikariPool-1 - Shutdown completed.
19 Feb 2024 - 17:30:39.150 INFO  c.example.YouTube.YouTubeApplication - Starting YouTubeApplication using Java 20.0.2.1 with PID 14168 (D:\Asosiy modul(JAVA)\Youtube\YouTube\target\classes started by user in D:\Asosiy modul(JAVA)\Youtube\YouTube)
19 Feb 2024 - 17:30:39.159 INFO  c.example.YouTube.YouTubeApplication - No active profile set, falling back to 1 default profile: "default"
19 Feb 2024 - 17:30:39.644 INFO  o.s.d.r.c.RepositoryConfigurationDelegate - Bootstrapping Spring Data JPA repositories in DEFAULT mode.
19 Feb 2024 - 17:30:39.671 INFO  o.s.d.r.c.RepositoryConfigurationDelegate - Finished Spring Data repository scanning in 22 ms. Found 1 JPA repository interface.
19 Feb 2024 - 17:30:40.123 INFO  o.s.b.w.e.tomcat.TomcatWebServer - Tomcat initialized with port 8080 (http)
19 Feb 2024 - 17:30:40.136 INFO  o.a.catalina.core.StandardService - Starting service [Tomcat]
19 Feb 2024 - 17:30:40.137 INFO  o.a.catalina.core.StandardEngine - Starting Servlet engine: [Apache Tomcat/10.1.18]
19 Feb 2024 - 17:30:40.200 INFO  o.a.c.c.C.[Tomcat].[localhost].[/] - Initializing Spring embedded WebApplicationContext
19 Feb 2024 - 17:30:40.201 INFO  o.s.b.w.s.c.ServletWebServerApplicationContext - Root WebApplicationContext: initialization completed in 1018 ms
19 Feb 2024 - 17:30:40.337 INFO  o.h.jpa.internal.util.LogHelper - HHH000204: Processing PersistenceUnitInfo [name: default]
19 Feb 2024 - 17:30:40.366 INFO  org.hibernate.Version - HHH000412: Hibernate ORM core version 6.4.1.Final
19 Feb 2024 - 17:30:40.387 INFO  o.h.c.i.RegionFactoryInitiator - HHH000026: Second-level cache disabled
19 Feb 2024 - 17:30:40.543 INFO  o.s.o.j.p.SpringPersistenceUnitInfo - No LoadTimeWeaver setup: ignoring JPA class transformer
19 Feb 2024 - 17:30:40.560 INFO  com.zaxxer.hikari.HikariDataSource - HikariPool-1 - Starting...
19 Feb 2024 - 17:30:40.660 INFO  com.zaxxer.hikari.pool.HikariPool - HikariPool-1 - Added connection org.postgresql.jdbc.PgConnection@5a466dd
19 Feb 2024 - 17:30:40.661 INFO  com.zaxxer.hikari.HikariDataSource - HikariPool-1 - Start completed.
19 Feb 2024 - 17:30:41.241 INFO  o.h.e.t.j.p.i.JtaPlatformInitiator - HHH000489: No JTA platform available (set 'hibernate.transaction.jta.platform' to enable JTA platform integration)
19 Feb 2024 - 17:30:41.287 WARN  o.h.e.jdbc.spi.SqlExceptionHelper - SQL Warning Code: 0, SQLState: 00000
19 Feb 2024 - 17:30:41.287 WARN  o.h.e.jdbc.spi.SqlExceptionHelper - ограничение "uk_9d5dpsf2ufa6rjbi3y0elkdcd" в таблице "profile" не существует, пропускается
19 Feb 2024 - 17:30:41.290 WARN  o.h.e.jdbc.spi.SqlExceptionHelper - SQL Warning Code: 0, SQLState: 00000
19 Feb 2024 - 17:30:41.290 WARN  o.h.e.jdbc.spi.SqlExceptionHelper - ограничение "uk_rc7r62u5tals0tl5rkeyyo5sb" в таблице "profile" не существует, пропускается
19 Feb 2024 - 17:30:41.293 INFO  o.s.o.j.LocalContainerEntityManagerFactoryBean - Initialized JPA EntityManagerFactory for persistence unit 'default'
19 Feb 2024 - 17:30:41.623 WARN  o.s.b.a.o.j.JpaBaseConfiguration$JpaWebConfiguration - spring.jpa.open-in-view is enabled by default. Therefore, database queries may be performed during view rendering. Explicitly configure spring.jpa.open-in-view to disable this warning
19 Feb 2024 - 17:30:41.686 INFO  o.s.s.web.DefaultSecurityFilterChain - Will secure any request with [org.springframework.security.web.session.DisableEncodeUrlFilter@4fccdd1d, org.springframework.security.web.context.request.async.WebAsyncManagerIntegrationFilter@22c0c0bc, org.springframework.security.web.context.SecurityContextHolderFilter@818a514, org.springframework.security.web.header.HeaderWriterFilter@b0e6d4e, org.springframework.security.web.authentication.logout.LogoutFilter@4d204b30, com.example.YouTube.config.JWTTokenFilter@49ea4b65, org.springframework.security.web.savedrequest.RequestCacheAwareFilter@495e1ad1, org.springframework.security.web.servletapi.SecurityContextHolderAwareRequestFilter@4d73d3d1, org.springframework.security.web.authentication.AnonymousAuthenticationFilter@36a25457, org.springframework.security.web.access.ExceptionTranslationFilter@5b5d6f9c, org.springframework.security.web.access.intercept.AuthorizationFilter@3284de45]
19 Feb 2024 - 17:30:42.062 INFO  o.s.b.w.e.tomcat.TomcatWebServer - Tomcat started on port 8080 (http) with context path ''
19 Feb 2024 - 17:30:42.069 INFO  c.example.YouTube.YouTubeApplication - Started YouTubeApplication in 3.153 seconds (process running for 3.506)
19 Feb 2024 - 17:31:39.273 INFO  o.s.o.j.LocalContainerEntityManagerFactoryBean - Closing JPA EntityManagerFactory for persistence unit 'default'
19 Feb 2024 - 17:31:39.275 INFO  com.zaxxer.hikari.HikariDataSource - HikariPool-1 - Shutdown initiated...
19 Feb 2024 - 17:31:39.278 INFO  com.zaxxer.hikari.HikariDataSource - HikariPool-1 - Shutdown completed.
19 Feb 2024 - 17:31:41.264 INFO  c.example.YouTube.YouTubeApplication - Starting YouTubeApplication using Java 20.0.2.1 with PID 12916 (D:\Asosiy modul(JAVA)\Youtube\YouTube\target\classes started by user in D:\Asosiy modul(JAVA)\Youtube\YouTube)
19 Feb 2024 - 17:31:41.273 INFO  c.example.YouTube.YouTubeApplication - No active profile set, falling back to 1 default profile: "default"
19 Feb 2024 - 17:31:41.727 INFO  o.s.d.r.c.RepositoryConfigurationDelegate - Bootstrapping Spring Data JPA repositories in DEFAULT mode.
19 Feb 2024 - 17:31:41.759 INFO  o.s.d.r.c.RepositoryConfigurationDelegate - Finished Spring Data repository scanning in 26 ms. Found 1 JPA repository interface.
19 Feb 2024 - 17:31:42.099 INFO  o.s.b.w.e.tomcat.TomcatWebServer - Tomcat initialized with port 8080 (http)
19 Feb 2024 - 17:31:42.104 INFO  o.a.catalina.core.StandardService - Starting service [Tomcat]
19 Feb 2024 - 17:31:42.105 INFO  o.a.catalina.core.StandardEngine - Starting Servlet engine: [Apache Tomcat/10.1.18]
19 Feb 2024 - 17:31:42.135 INFO  o.a.c.c.C.[Tomcat].[localhost].[/] - Initializing Spring embedded WebApplicationContext
19 Feb 2024 - 17:31:42.135 INFO  o.s.b.w.s.c.ServletWebServerApplicationContext - Root WebApplicationContext: initialization completed in 835 ms
19 Feb 2024 - 17:31:42.205 INFO  o.h.jpa.internal.util.LogHelper - HHH000204: Processing PersistenceUnitInfo [name: default]
19 Feb 2024 - 17:31:42.232 INFO  org.hibernate.Version - HHH000412: Hibernate ORM core version 6.4.1.Final
19 Feb 2024 - 17:31:42.258 INFO  o.h.c.i.RegionFactoryInitiator - HHH000026: Second-level cache disabled
19 Feb 2024 - 17:31:42.406 INFO  o.s.o.j.p.SpringPersistenceUnitInfo - No LoadTimeWeaver setup: ignoring JPA class transformer
19 Feb 2024 - 17:31:42.421 INFO  com.zaxxer.hikari.HikariDataSource - HikariPool-1 - Starting...
19 Feb 2024 - 17:31:42.510 INFO  com.zaxxer.hikari.pool.HikariPool - HikariPool-1 - Added connection org.postgresql.jdbc.PgConnection@3f3c5ecd
19 Feb 2024 - 17:31:42.511 INFO  com.zaxxer.hikari.HikariDataSource - HikariPool-1 - Start completed.
19 Feb 2024 - 17:31:43.069 INFO  o.h.e.t.j.p.i.JtaPlatformInitiator - HHH000489: No JTA platform available (set 'hibernate.transaction.jta.platform' to enable JTA platform integration)
19 Feb 2024 - 17:31:43.101 INFO  o.s.o.j.LocalContainerEntityManagerFactoryBean - Initialized JPA EntityManagerFactory for persistence unit 'default'
19 Feb 2024 - 17:31:43.391 WARN  o.s.b.a.o.j.JpaBaseConfiguration$JpaWebConfiguration - spring.jpa.open-in-view is enabled by default. Therefore, database queries may be performed during view rendering. Explicitly configure spring.jpa.open-in-view to disable this warning
19 Feb 2024 - 17:31:43.452 INFO  o.s.s.web.DefaultSecurityFilterChain - Will secure any request with [org.springframework.security.web.session.DisableEncodeUrlFilter@22c0c0bc, org.springframework.security.web.context.request.async.WebAsyncManagerIntegrationFilter@36a25457, org.springframework.security.web.context.SecurityContextHolderFilter@7004cd44, org.springframework.security.web.header.HeaderWriterFilter@2bf2523f, org.springframework.security.web.authentication.logout.LogoutFilter@6600d07d, com.example.YouTube.config.JWTTokenFilter@5feb8e9a, org.springframework.security.web.savedrequest.RequestCacheAwareFilter@4d73d3d1, org.springframework.security.web.servletapi.SecurityContextHolderAwareRequestFilter@eef6e, org.springframework.security.web.authentication.AnonymousAuthenticationFilter@61d4155b, org.springframework.security.web.access.ExceptionTranslationFilter@3514df8d, org.springframework.security.web.access.intercept.AuthorizationFilter@5390862e]
19 Feb 2024 - 17:31:43.809 INFO  o.s.b.w.e.tomcat.TomcatWebServer - Tomcat started on port 8080 (http) with context path ''
19 Feb 2024 - 17:31:43.815 INFO  c.example.YouTube.YouTubeApplication - Started YouTubeApplication in 2.798 seconds (process running for 3.133)
19 Feb 2024 - 17:32:45.631 INFO  o.s.o.j.LocalContainerEntityManagerFactoryBean - Closing JPA EntityManagerFactory for persistence unit 'default'
19 Feb 2024 - 17:32:45.632 INFO  com.zaxxer.hikari.HikariDataSource - HikariPool-1 - Shutdown initiated...
19 Feb 2024 - 17:32:45.634 INFO  com.zaxxer.hikari.HikariDataSource - HikariPool-1 - Shutdown completed.
19 Feb 2024 - 17:42:55.092 INFO  c.example.YouTube.YouTubeApplication - Starting YouTubeApplication using Java 20.0.2.1 with PID 16944 (D:\Asosiy modul(JAVA)\Youtube\YouTube\target\classes started by user in D:\Asosiy modul(JAVA)\Youtube\YouTube)
19 Feb 2024 - 17:42:55.103 INFO  c.example.YouTube.YouTubeApplication - No active profile set, falling back to 1 default profile: "default"
19 Feb 2024 - 17:42:55.737 INFO  o.s.d.r.c.RepositoryConfigurationDelegate - Bootstrapping Spring Data JPA repositories in DEFAULT mode.
19 Feb 2024 - 17:42:55.776 INFO  o.s.d.r.c.RepositoryConfigurationDelegate - Finished Spring Data repository scanning in 34 ms. Found 1 JPA repository interface.
19 Feb 2024 - 17:42:56.193 INFO  o.s.b.w.e.tomcat.TomcatWebServer - Tomcat initialized with port 8080 (http)
19 Feb 2024 - 17:42:56.200 INFO  o.a.catalina.core.StandardService - Starting service [Tomcat]
19 Feb 2024 - 17:42:56.200 INFO  o.a.catalina.core.StandardEngine - Starting Servlet engine: [Apache Tomcat/10.1.18]
19 Feb 2024 - 17:42:56.236 INFO  o.a.c.c.C.[Tomcat].[localhost].[/] - Initializing Spring embedded WebApplicationContext
19 Feb 2024 - 17:42:56.237 INFO  o.s.b.w.s.c.ServletWebServerApplicationContext - Root WebApplicationContext: initialization completed in 1102 ms
19 Feb 2024 - 17:42:56.314 INFO  o.h.jpa.internal.util.LogHelper - HHH000204: Processing PersistenceUnitInfo [name: default]
19 Feb 2024 - 17:42:56.350 INFO  org.hibernate.Version - HHH000412: Hibernate ORM core version 6.4.1.Final
19 Feb 2024 - 17:42:56.377 INFO  o.h.c.i.RegionFactoryInitiator - HHH000026: Second-level cache disabled
19 Feb 2024 - 17:42:56.550 INFO  o.s.o.j.p.SpringPersistenceUnitInfo - No LoadTimeWeaver setup: ignoring JPA class transformer
19 Feb 2024 - 17:42:56.570 INFO  com.zaxxer.hikari.HikariDataSource - HikariPool-1 - Starting...
19 Feb 2024 - 17:42:56.684 INFO  com.zaxxer.hikari.pool.HikariPool - HikariPool-1 - Added connection org.postgresql.jdbc.PgConnection@a03529c
19 Feb 2024 - 17:42:56.685 INFO  com.zaxxer.hikari.HikariDataSource - HikariPool-1 - Start completed.
19 Feb 2024 - 17:42:57.348 INFO  o.h.e.t.j.p.i.JtaPlatformInitiator - HHH000489: No JTA platform available (set 'hibernate.transaction.jta.platform' to enable JTA platform integration)
19 Feb 2024 - 17:42:57.378 INFO  o.s.o.j.LocalContainerEntityManagerFactoryBean - Initialized JPA EntityManagerFactory for persistence unit 'default'
19 Feb 2024 - 17:42:57.718 WARN  o.s.b.a.o.j.JpaBaseConfiguration$JpaWebConfiguration - spring.jpa.open-in-view is enabled by default. Therefore, database queries may be performed during view rendering. Explicitly configure spring.jpa.open-in-view to disable this warning
19 Feb 2024 - 17:42:57.789 INFO  o.s.s.web.DefaultSecurityFilterChain - Will secure any request with [org.springframework.security.web.session.DisableEncodeUrlFilter@3284de45, org.springframework.security.web.context.request.async.WebAsyncManagerIntegrationFilter@5390862e, org.springframework.security.web.context.SecurityContextHolderFilter@2bf2523f, org.springframework.security.web.header.HeaderWriterFilter@5b5d6f9c, org.springframework.security.web.authentication.logout.LogoutFilter@1516f497, com.example.YouTube.config.JWTTokenFilter@1784a296, org.springframework.security.web.savedrequest.RequestCacheAwareFilter@818a514, org.springframework.security.web.servletapi.SecurityContextHolderAwareRequestFilter@7004cd44, org.springframework.security.web.authentication.AnonymousAuthenticationFilter@4fccdd1d, org.springframework.security.web.access.ExceptionTranslationFilter@6e70861, org.springframework.security.web.access.intercept.AuthorizationFilter@6c4e11d0]
19 Feb 2024 - 17:42:58.266 INFO  o.s.b.w.e.tomcat.TomcatWebServer - Tomcat started on port 8080 (http) with context path ''
19 Feb 2024 - 17:42:58.277 INFO  c.example.YouTube.YouTubeApplication - Started YouTubeApplication in 3.476 seconds (process running for 3.886)
19 Feb 2024 - 17:43:28.068 INFO  o.s.o.j.LocalContainerEntityManagerFactoryBean - Closing JPA EntityManagerFactory for persistence unit 'default'
19 Feb 2024 - 17:43:28.072 INFO  com.zaxxer.hikari.HikariDataSource - HikariPool-1 - Shutdown initiated...
19 Feb 2024 - 17:43:28.081 INFO  com.zaxxer.hikari.HikariDataSource - HikariPool-1 - Shutdown completed.
19 Feb 2024 - 17:43:30.831 INFO  c.example.YouTube.YouTubeApplication - Starting YouTubeApplication using Java 20.0.2.1 with PID 15492 (D:\Asosiy modul(JAVA)\Youtube\YouTube\target\classes started by user in D:\Asosiy modul(JAVA)\Youtube\YouTube)
19 Feb 2024 - 17:43:30.843 INFO  c.example.YouTube.YouTubeApplication - No active profile set, falling back to 1 default profile: "default"
19 Feb 2024 - 17:43:31.484 INFO  o.s.d.r.c.RepositoryConfigurationDelegate - Bootstrapping Spring Data JPA repositories in DEFAULT mode.
19 Feb 2024 - 17:43:31.519 INFO  o.s.d.r.c.RepositoryConfigurationDelegate - Finished Spring Data repository scanning in 29 ms. Found 1 JPA repository interface.
19 Feb 2024 - 17:43:31.912 INFO  o.s.b.w.e.tomcat.TomcatWebServer - Tomcat initialized with port 8080 (http)
19 Feb 2024 - 17:43:31.919 INFO  o.a.catalina.core.StandardService - Starting service [Tomcat]
19 Feb 2024 - 17:43:31.920 INFO  o.a.catalina.core.StandardEngine - Starting Servlet engine: [Apache Tomcat/10.1.18]
19 Feb 2024 - 17:43:31.954 INFO  o.a.c.c.C.[Tomcat].[localhost].[/] - Initializing Spring embedded WebApplicationContext
19 Feb 2024 - 17:43:31.955 INFO  o.s.b.w.s.c.ServletWebServerApplicationContext - Root WebApplicationContext: initialization completed in 1078 ms
19 Feb 2024 - 17:43:32.052 INFO  o.h.jpa.internal.util.LogHelper - HHH000204: Processing PersistenceUnitInfo [name: default]
19 Feb 2024 - 17:43:32.085 INFO  org.hibernate.Version - HHH000412: Hibernate ORM core version 6.4.1.Final
19 Feb 2024 - 17:43:32.113 INFO  o.h.c.i.RegionFactoryInitiator - HHH000026: Second-level cache disabled
19 Feb 2024 - 17:43:32.289 INFO  o.s.o.j.p.SpringPersistenceUnitInfo - No LoadTimeWeaver setup: ignoring JPA class transformer
19 Feb 2024 - 17:43:32.307 INFO  com.zaxxer.hikari.HikariDataSource - HikariPool-1 - Starting...
19 Feb 2024 - 17:43:32.422 INFO  com.zaxxer.hikari.pool.HikariPool - HikariPool-1 - Added connection org.postgresql.jdbc.PgConnection@224e6e88
19 Feb 2024 - 17:43:32.423 INFO  com.zaxxer.hikari.HikariDataSource - HikariPool-1 - Start completed.
19 Feb 2024 - 17:43:33.143 INFO  o.h.e.t.j.p.i.JtaPlatformInitiator - HHH000489: No JTA platform available (set 'hibernate.transaction.jta.platform' to enable JTA platform integration)
19 Feb 2024 - 17:43:33.177 INFO  o.s.o.j.LocalContainerEntityManagerFactoryBean - Initialized JPA EntityManagerFactory for persistence unit 'default'
19 Feb 2024 - 17:43:33.535 WARN  o.s.b.a.o.j.JpaBaseConfiguration$JpaWebConfiguration - spring.jpa.open-in-view is enabled by default. Therefore, database queries may be performed during view rendering. Explicitly configure spring.jpa.open-in-view to disable this warning
19 Feb 2024 - 17:43:33.609 INFO  o.s.s.web.DefaultSecurityFilterChain - Will secure any request with [org.springframework.security.web.session.DisableEncodeUrlFilter@489c15e2, org.springframework.security.web.context.request.async.WebAsyncManagerIntegrationFilter@923bf67, org.springframework.security.web.context.SecurityContextHolderFilter@6f076c53, org.springframework.security.web.header.HeaderWriterFilter@4d73d3d1, org.springframework.security.web.authentication.logout.LogoutFilter@29088d3d, com.example.YouTube.config.JWTTokenFilter@240f712e, org.springframework.security.web.savedrequest.RequestCacheAwareFilter@4b3b2a4f, org.springframework.security.web.servletapi.SecurityContextHolderAwareRequestFilter@2e8eafb2, org.springframework.security.web.authentication.AnonymousAuthenticationFilter@938e54a, org.springframework.security.web.access.ExceptionTranslationFilter@7004cd44, org.springframework.security.web.access.intercept.AuthorizationFilter@48590849]
19 Feb 2024 - 17:43:34.138 INFO  o.s.b.w.e.tomcat.TomcatWebServer - Tomcat started on port 8080 (http) with context path ''
19 Feb 2024 - 17:43:34.145 INFO  c.example.YouTube.YouTubeApplication - Started YouTubeApplication in 3.615 seconds (process running for 4.031)
19 Feb 2024 - 17:46:42.350 INFO  o.s.o.j.LocalContainerEntityManagerFactoryBean - Closing JPA EntityManagerFactory for persistence unit 'default'
19 Feb 2024 - 17:46:42.352 INFO  com.zaxxer.hikari.HikariDataSource - HikariPool-1 - Shutdown initiated...
19 Feb 2024 - 17:46:42.356 INFO  com.zaxxer.hikari.HikariDataSource - HikariPool-1 - Shutdown completed.
19 Feb 2024 - 17:48:23.692 INFO  c.example.YouTube.YouTubeApplication - Starting YouTubeApplication using Java 20.0.2.1 with PID 9664 (D:\Asosiy modul(JAVA)\Youtube\YouTube\target\classes started by user in D:\Asosiy modul(JAVA)\Youtube\YouTube)
19 Feb 2024 - 17:48:23.706 INFO  c.example.YouTube.YouTubeApplication - No active profile set, falling back to 1 default profile: "default"
19 Feb 2024 - 17:48:24.345 INFO  o.s.d.r.c.RepositoryConfigurationDelegate - Bootstrapping Spring Data JPA repositories in DEFAULT mode.
19 Feb 2024 - 17:48:24.380 INFO  o.s.d.r.c.RepositoryConfigurationDelegate - Finished Spring Data repository scanning in 29 ms. Found 1 JPA repository interface.
19 Feb 2024 - 17:48:24.801 INFO  o.s.b.w.e.tomcat.TomcatWebServer - Tomcat initialized with port 8080 (http)
19 Feb 2024 - 17:48:24.808 INFO  o.a.catalina.core.StandardService - Starting service [Tomcat]
19 Feb 2024 - 17:48:24.809 INFO  o.a.catalina.core.StandardEngine - Starting Servlet engine: [Apache Tomcat/10.1.18]
19 Feb 2024 - 17:48:24.845 INFO  o.a.c.c.C.[Tomcat].[localhost].[/] - Initializing Spring embedded WebApplicationContext
19 Feb 2024 - 17:48:24.846 INFO  o.s.b.w.s.c.ServletWebServerApplicationContext - Root WebApplicationContext: initialization completed in 1108 ms
19 Feb 2024 - 17:48:24.920 INFO  o.h.jpa.internal.util.LogHelper - HHH000204: Processing PersistenceUnitInfo [name: default]
19 Feb 2024 - 17:48:24.953 INFO  org.hibernate.Version - HHH000412: Hibernate ORM core version 6.4.1.Final
19 Feb 2024 - 17:48:24.973 INFO  o.h.c.i.RegionFactoryInitiator - HHH000026: Second-level cache disabled
19 Feb 2024 - 17:48:25.139 INFO  o.s.o.j.p.SpringPersistenceUnitInfo - No LoadTimeWeaver setup: ignoring JPA class transformer
19 Feb 2024 - 17:48:25.156 INFO  com.zaxxer.hikari.HikariDataSource - HikariPool-1 - Starting...
19 Feb 2024 - 17:48:25.264 INFO  com.zaxxer.hikari.pool.HikariPool - HikariPool-1 - Added connection org.postgresql.jdbc.PgConnection@280484c7
19 Feb 2024 - 17:48:25.266 INFO  com.zaxxer.hikari.HikariDataSource - HikariPool-1 - Start completed.
19 Feb 2024 - 17:48:25.915 INFO  o.h.e.t.j.p.i.JtaPlatformInitiator - HHH000489: No JTA platform available (set 'hibernate.transaction.jta.platform' to enable JTA platform integration)
19 Feb 2024 - 17:48:25.946 INFO  o.s.o.j.LocalContainerEntityManagerFactoryBean - Initialized JPA EntityManagerFactory for persistence unit 'default'
19 Feb 2024 - 17:48:26.274 WARN  o.s.b.a.o.j.JpaBaseConfiguration$JpaWebConfiguration - spring.jpa.open-in-view is enabled by default. Therefore, database queries may be performed during view rendering. Explicitly configure spring.jpa.open-in-view to disable this warning
19 Feb 2024 - 17:48:26.345 INFO  o.s.s.web.DefaultSecurityFilterChain - Will secure any request with [org.springframework.security.web.session.DisableEncodeUrlFilter@2bf2523f, org.springframework.security.web.context.request.async.WebAsyncManagerIntegrationFilter@1be3e952, org.springframework.security.web.context.SecurityContextHolderFilter@85b9f9c, org.springframework.security.web.header.HeaderWriterFilter@69e8f7a5, org.springframework.security.web.authentication.logout.LogoutFilter@78723798, com.example.YouTube.config.JWTTokenFilter@79f59e0e, org.springframework.security.web.savedrequest.RequestCacheAwareFilter@2b6a4da7, org.springframework.security.web.servletapi.SecurityContextHolderAwareRequestFilter@75b6bd41, org.springframework.security.web.authentication.AnonymousAuthenticationFilter@818a514, org.springframework.security.web.access.ExceptionTranslationFilter@14764fdd, org.springframework.security.web.access.intercept.AuthorizationFilter@3514df8d]
19 Feb 2024 - 17:48:26.767 INFO  o.s.b.w.e.tomcat.TomcatWebServer - Tomcat started on port 8080 (http) with context path ''
19 Feb 2024 - 17:48:26.772 INFO  c.example.YouTube.YouTubeApplication - Started YouTubeApplication in 3.355 seconds (process running for 3.76)
19 Feb 2024 - 17:48:26.865 INFO  o.f.c.i.license.VersionPrinter - Flyway Community Edition 9.22.3 by Redgate
19 Feb 2024 - 17:48:26.865 INFO  o.f.c.i.license.VersionPrinter - See release notes here: https://rd.gt/416ObMi
19 Feb 2024 - 17:48:26.865 INFO  o.f.c.i.license.VersionPrinter - 
19 Feb 2024 - 17:48:26.875 INFO  org.flywaydb.core.FlywayExecutor - Database: jdbc:postgresql://localhost:5432/youtube (PostgreSQL 16.0)
19 Feb 2024 - 17:48:26.878 WARN  o.f.c.i.database.base.Database - Flyway upgrade recommended: PostgreSQL 16.0 is newer than this version of Flyway and support has not been tested. The latest supported version of PostgreSQL is 15.
19 Feb 2024 - 17:48:26.893 INFO  o.f.c.i.s.JdbcTableSchemaHistory - Schema history table "public"."flyway_schema_history" does not exist yet
19 Feb 2024 - 17:48:26.896 INFO  o.f.core.internal.command.DbValidate - Successfully validated 2 migrations (execution time 00:00.011s)
19 Feb 2024 - 17:48:26.906 INFO  o.f.c.i.s.JdbcTableSchemaHistory - Creating Schema History table "public"."flyway_schema_history" with baseline ...
19 Feb 2024 - 17:48:26.930 INFO  o.f.core.internal.command.DbBaseline - Successfully baselined schema with version: 1
19 Feb 2024 - 17:48:26.940 INFO  o.f.core.internal.command.DbMigrate - Current version of schema "public": 1
19 Feb 2024 - 17:48:26.950 INFO  o.f.core.internal.command.DbMigrate - Migrating schema "public" to version "2 - init admin"
19 Feb 2024 - 17:48:26.961 INFO  o.f.core.internal.command.DbMigrate - Successfully applied 1 migration to schema "public", now at version v2 (execution time 00:00.004s)
19 Feb 2024 - 17:49:08.646 INFO  o.s.o.j.LocalContainerEntityManagerFactoryBean - Closing JPA EntityManagerFactory for persistence unit 'default'
19 Feb 2024 - 17:49:08.647 INFO  com.zaxxer.hikari.HikariDataSource - HikariPool-1 - Shutdown initiated...
19 Feb 2024 - 17:49:08.650 INFO  com.zaxxer.hikari.HikariDataSource - HikariPool-1 - Shutdown completed.
